<?xml version="1.0" encoding="UTF-8"?>
<!-- Generated by org.testng.reporters.JUnitXMLReporter -->
<testsuite ignored="0" hostname="DESKTOP-R9JNNG2" failures="2" tests="2" name="AddCustomer" time="28.957" errors="0" timestamp="2023-02-08T21:58:15 IST">
  <testcase classname="testcases.AddCustomerTest" name="addCustomer" time="1.369">
    <failure type="java.lang.AssertionError" message="failed to add customer">
      <![CDATA[java.lang.AssertionError: failed to add customer
at testcases.AddCustomerTest.addCustomer(AddCustomerTest.java:76)
at java.base/java.util.ArrayList.forEach(ArrayList.java:1511)
... Removed 30 stack frames]]>
    </failure>
  </testcase> <!-- addCustomer -->
  <testcase classname="testcases.AddCustomerTest" name="addCustomer" time="10.627">
    <failure type="java.lang.AssertionError" message="failed to add customer">
      <![CDATA[java.lang.AssertionError: failed to add customer
at testcases.AddCustomerTest.addCustomer(AddCustomerTest.java:76)
at java.base/java.util.ArrayList.forEach(ArrayList.java:1511)
... Removed 30 stack frames]]>
    </failure>
  </testcase> <!-- addCustomer -->
</testsuite> <!-- AddCustomer -->
