<?xml version="1.0" encoding="UTF-8"?>
<!-- Generated by org.testng.reporters.JUnitXMLReporter -->
<testsuite ignored="0" hostname="DESKTOP-R9JNNG2" failures="0" tests="3" name="OpenAccount" time="31.837" errors="0" timestamp="2023-02-08T21:58:47 IST">
  <testcase classname="testcases.OpenAccountTest" name="openAccount" time="4.7"/>
  <testcase classname="testcases.OpenAccountTest" name="openAccount" time="10.752"/>
  <testcase classname="testcases.OpenAccountTest" name="openAccount" time="0.081">
    <skipped/>
  </testcase> <!-- openAccount -->
</testsuite> <!-- OpenAccount -->
