<?xml version="1.0" encoding="UTF-8"?>
<!-- Generated by org.testng.reporters.JUnitXMLReporter -->
<testsuite ignored="0" hostname="DESKTOP-R9JNNG2" failures="0" tests="3" name="OpenAccount" time="21.402" errors="0" timestamp="2023-02-05T21:44:08 IST">
  <testcase classname="testcases.OpenAccountTest" name="openAccount" time="2.049"/>
  <testcase classname="testcases.OpenAccountTest" name="openAccount" time="10.518"/>
  <testcase classname="testcases.OpenAccountTest" name="openAccount" time="0.092">
    <skipped/>
  </testcase> <!-- openAccount -->
</testsuite> <!-- OpenAccount -->
