<?xml version="1.0" encoding="UTF-8"?>
<!-- Generated by org.testng.reporters.JUnitXMLReporter -->
<testsuite ignored="0" hostname="DESKTOP-R9JNNG2" failures="0" tests="3" name="OpenAccount" time="22.121" errors="0" timestamp="2023-02-08T17:19:46 IST">
  <testcase classname="testcases.OpenAccountTest" name="openAccount" time="3.652"/>
  <testcase classname="testcases.OpenAccountTest" name="openAccount" time="10.449"/>
  <testcase classname="testcases.OpenAccountTest" name="openAccount" time="0.127">
    <skipped/>
  </testcase> <!-- openAccount -->
</testsuite> <!-- OpenAccount -->
